[26-Jul-23 04:23PM] - INFO - Application - 'dataeng-ak' started
[26-Jul-23 04:23PM] - INFO - Reading configuration file
[26-Jul-23 04:23PM] - DEBUG - Inside read_config function in utils.py
[26-Jul-23 04:23PM] - INFO - Creating spark session with app-name - 'dataeng-ak'
[26-Jul-23 04:23PM] - DEBUG - Inside get_spark_session function in utils.py
[26-Jul-23 04:23PM] - INFO - Previous output exists
[26-Jul-23 04:23PM] - INFO - Copying: /Users/ashish.kharbanda/Documents/GitHub/dataeng-ak/data/output/database.sqlite to /Users/ashish.kharbanda/Documents/GitHub/dataeng-ak/data/output/prev_database.sqlite
[26-Jul-23 04:23PM] - INFO - Reading previous leaks output table
[26-Jul-23 04:23PM] - DEBUG - Inside load_data_from_jdbc function in loaders.py
[26-Jul-23 04:23PM] - DEBUG - upsert_flag: True
[26-Jul-23 04:23PM] - INFO - load_start_create_date: 2021-09-09 12:35:33. load_start_modified_date: 2021-09-09 11:57:36
[26-Jul-23 04:23PM] - INFO - Reading leaks table
[26-Jul-23 04:23PM] - DEBUG - Inside load_data_from_jdbc function in loaders.py
[26-Jul-23 04:23PM] - INFO - Reading leak_class_min_date table
[26-Jul-23 04:23PM] - DEBUG - Inside load_data_from_jdbc function in loaders.py
[26-Jul-23 04:23PM] - INFO - Reading lut_company table
[26-Jul-23 04:23PM] - DEBUG - Inside load_data_from_jdbc function in loaders.py
[26-Jul-23 04:23PM] - INFO - Reading town_company table
[26-Jul-23 04:23PM] - DEBUG - Inside load_data_from_jdbc function in loaders.py
[26-Jul-23 04:23PM] - INFO - Append dataframe count : 0
[26-Jul-23 04:23PM] - INFO - Updates dataframe count : 0
[26-Jul-23 04:23PM] - INFO - Deleting previous output file
[26-Jul-23 04:23PM] - INFO - No changes to write
[26-Jul-23 04:23PM] - INFO - Application execution completed successfully
[26-Jul-23 04:23PM] - INFO - Closing down clientserver connection
